<?xml version="1.0" encoding="UTF-8"?>
<!-- Generated by org.testng.reporters.JUnitXMLReporter -->
<testsuite hostname="MSI" failures="0" tests="4" name="Test" time="36.4" errors="0" timestamp="26 Jul 2022 16:34:52 GMT">
  <testcase classname="testcases.Testcase1" name="testcase1" time="6.517"/>
  <testcase classname="testcases.Testcase2" name="testcase2" time="8.73"/>
  <testcase classname="testcases.Testcase3" name="testcase3" time="13.892"/>
  <testcase classname="testcases.Testcase4" name="testcase4" time="7.225"/>
</testsuite> <!-- Test -->
