<?xml version="1.0" encoding="UTF-8"?>
<!-- Generated by org.testng.reporters.JUnitXMLReporter -->
<testsuite hostname="MSI" failures="0" tests="4" name="Test" time="0.018" errors="0" timestamp="23 Jul 2022 06:57:23 GMT">
  <testcase classname="testcases.Testcase1" name="main" time="0.002">
    <skipped/>
  </testcase> <!-- main -->
  <testcase classname="testcases.Testcase2" name="main" time="0.0">
    <skipped/>
  </testcase> <!-- main -->
  <testcase classname="testcases.Testcase3" name="main" time="0.0">
    <skipped/>
  </testcase> <!-- main -->
  <testcase classname="testcases.Testcase4" name="main" time="0.0">
    <skipped/>
  </testcase> <!-- main -->
</testsuite> <!-- Test -->
