<?xml version="1.0" encoding="UTF-8"?>
<testng-results total="4" passed="4" failed="0" skipped="0">
  <reporter-output>
  </reporter-output>
  <suite started-at="2022-07-26T16:34:15Z" name="Suite" finished-at="2022-07-26T16:34:52Z" duration-ms="36400">
    <groups>
    </groups>
    <test started-at="2022-07-26T16:34:15Z" name="Test" finished-at="2022-07-26T16:34:52Z" duration-ms="36400">
      <class name="testcases.Testcase1">
        <test-method signature="testcase1()[pri:0, instance:testcases.Testcase1@1750fbeb]" started-at="2022-07-26T22:04:15Z" name="testcase1" finished-at="2022-07-26T22:04:22Z" duration-ms="6517" status="PASS">
          <reporter-output>
          </reporter-output>
        </test-method> <!-- testcase1 -->
      </class> <!-- testcases.Testcase1 -->
      <class name="testcases.Testcase2">
        <test-method signature="testcase2()[pri:0, instance:testcases.Testcase2@353352b6]" started-at="2022-07-26T22:04:22Z" name="testcase2" finished-at="2022-07-26T22:04:30Z" duration-ms="8730" status="PASS">
          <reporter-output>
          </reporter-output>
        </test-method> <!-- testcase2 -->
      </class> <!-- testcases.Testcase2 -->
      <class name="testcases.Testcase3">
        <test-method signature="testcase3()[pri:0, instance:testcases.Testcase3@268f106e]" started-at="2022-07-26T22:04:30Z" name="testcase3" finished-at="2022-07-26T22:04:44Z" duration-ms="13892" status="PASS">
          <reporter-output>
          </reporter-output>
        </test-method> <!-- testcase3 -->
      </class> <!-- testcases.Testcase3 -->
      <class name="testcases.Testcase4">
        <test-method signature="testcase4()[pri:0, instance:testcases.Testcase4@5b247367]" started-at="2022-07-26T22:04:44Z" name="testcase4" finished-at="2022-07-26T22:04:52Z" duration-ms="7225" status="PASS">
          <reporter-output>
          </reporter-output>
        </test-method> <!-- testcase4 -->
      </class> <!-- testcases.Testcase4 -->
    </test> <!-- Test -->
  </suite> <!-- Suite -->
</testng-results>
